  Checking File Globs
  1>Checking Build System
  CMake is re-running because C:/Users/Bruno/Documents/4DIAC/forte_build/win32/src/external/teste/CMakeFiles/generate.stamp is out-of-date.
    the file 'C:/Users/Bruno/Documents/4DIAC/forte_build/modulos/teste/CMakeLists.txt'
    is newer than 'C:/Users/Bruno/Documents/4DIAC/forte_build/win32/src/external/teste/CMakeFiles/generate.stamp.depend'
    result='-1'
  CMake Deprecation Warning at CMakeLists.txt:17 (CMAKE_MINIMUM_REQUIRED):
    Compatibility with CMake < 3.10 will be removed from a future version of
    CMake.
  
    Update the VERSION argument <min> value.  Or, use the <min>...<max> syntax
    to tell CMake that the project requires at least <min> but has been updated
    to work with policies introduced by <max> or earlier.
  
  
  -- Selecting Windows SDK version 10.0.22621.0 to target Windows 10.0.22631.
  According  to CMAKE_BUILD_TYPE you are not debugging, but still you have some logging info. Do you really want to log something?
  -- FORTE_MODULE_DIR: C:/Users/Bruno/Documents/4DIAC/forte_2.0.1/src/modules/
  -- FORTE_MODULE_DIR: C:/Users/Bruno/Documents/4DIAC/forte_2.0.1/src/com/
  -- FORTE_MODULE_DIR: C:/Users/Bruno/Documents/4DIAC/forte_build/modulos/
  Building executable
  -- Configuring done (0.4s)
  -- Generating done (1.8s)
  -- Build files have been written to: C:/Users/Bruno/Documents/4DIAC/forte_build/win32
